<?xml version="1.0" encoding="UTF-8"?>
<testng-results ignored="0" total="1" passed="1" failed="0" skipped="0">
  <reporter-output>
  </reporter-output>
  <suite started-at="2025-08-22T22:45:18 IST" name="Default suite" finished-at="2025-08-22T22:45:54 IST" duration-ms="36221">
    <groups>
    </groups>
    <test started-at="2025-08-22T22:45:18 IST" name="Default test" finished-at="2025-08-22T22:45:54 IST" duration-ms="36221">
      <class name="com.test.MultiFile">
        <test-method is-config="true" signature="initalization()[pri:0, instance:com.test.MultiFile@7b2bbc3]" started-at="2025-08-22T22:45:18 IST" name="initalization" finished-at="2025-08-22T22:45:50 IST" duration-ms="31545" status="PASS">
          <reporter-output>
          </reporter-output>
        </test-method> <!-- initalization -->
        <test-method signature="SelectDropDown()[pri:1, instance:com.test.MultiFile@7b2bbc3]" started-at="2025-08-22T22:45:50 IST" name="SelectDropDown" finished-at="2025-08-22T22:45:53 IST" duration-ms="3574" status="PASS">
          <reporter-output>
          </reporter-output>
        </test-method> <!-- SelectDropDown -->
        <test-method is-config="true" signature="Cleanup()[pri:0, instance:com.test.MultiFile@7b2bbc3]" started-at="2025-08-22T22:45:53 IST" name="Cleanup" finished-at="2025-08-22T22:45:54 IST" duration-ms="913" status="PASS">
          <reporter-output>
          </reporter-output>
        </test-method> <!-- Cleanup -->
      </class> <!-- com.test.MultiFile -->
    </test> <!-- Default test -->
  </suite> <!-- Default suite -->
</testng-results>
