<?xml version="1.0" encoding="UTF-8"?>
<!-- Generated by org.testng.reporters.JUnitXMLReporter -->
<testsuite ignored="0" hostname="AliAzferFamily" failures="0" tests="3" name="Test" time="40.382" errors="0" timestamp="2025-08-22T22:54:59 IST">
  <testcase classname="com.test.MultiTest" name="SelectDropDown" time="1.783"/>
  <testcase classname="com.test.MultiTest" name="AdvanceDropDown" time="4.872"/>
  <testcase classname="com.test.MultiFile" name="SelectDropDown" time="1.255"/>
</testsuite> <!-- Test -->
